<?xml version="1.0" encoding="UTF-8"?>
<!-- Generated by org.testng.reporters.JUnitReportReporter -->
<testsuite hostname="BCTN-PC-WA00162" failures="0" tests="2" name="qaclickacademy.AppiumTest" time="0.001" errors="0" timestamp="2018-10-16T16:50:38 BST" skipped="0">
  <testcase classname="qaclickacademy.AppiumTest" name="IOSApps" time="0.001"/>
  <testcase classname="qaclickacademy.AppiumTest" name="NativeAppAndriod" time="0.000"/>
</testsuite> <!-- qaclickacademy.AppiumTest -->
